06:12:21 **** Incremental Build of configuration Debug for project td3_ega_2024_mod ****
make -j4 all 
arm-none-eabi-gcc "../Core/Src/main.c" -mcpu=cortex-m3 -std=gnu11 -g3 -DDEBUG -DUSE_HAL_DRIVER -DSTM32F103xB -c -I../Core/Inc -I../Drivers/STM32F1xx_HAL_Driver/Inc -I../Drivers/STM32F1xx_HAL_Driver/Inc/Legacy -I../Drivers/CMSIS/Device/ST/STM32F1xx/Include -I../Drivers/CMSIS/Include -I"C:/Users/Alan/Documents/GIT_propios/td3_egb_2024/WorkspacePruebas/FreeRTOS/Inc" -O0 -ffunction-sections -fdata-sections -Wall -fstack-usage -MMD -MP -MF"Core/Src/main.d" -MT"Core/Src/main.o" --specs=nano.specs -mfloat-abi=soft -mthumb -o "Core/Src/main.o"
In file included from ../Core/Src/main.c:20:
../Core/Inc/common.h:142:50: warning: useless storage class specifier in empty declaration
  142 | typedef enum function {None,chequearClaveUsuario,chequearClaveMaestro};
      |                                                  ^~~~~~~~~~~~~~~~~~~~
../Core/Src/main.c: In function 'display_Print':
../Core/Src/main.c:158:16: warning: pointer targets in passing argument 1 of 'strcpy' differ in signedness [-Wpointer-sign]
  158 |  strcpy(display.linea1, linea1);
      |         ~~~~~~~^~~~~~~
      |                |
      |                uint8_t * {aka unsigned char *}
In file included from ../Core/Src/main.c:19:
c:\program files\st\stm32cubeide_1.6.1\stm32cubeide\plugins\com.st.stm32cube.ide.mcu.externaltools.gnu-tools-for-stm32.9-2020-q2-update.win32_1.5.0.202011040924\tools\arm-none-eabi\include\string.h:38:8: note: expected 'char * restrict' but argument is of type 'uint8_t *' {aka 'unsigned char *'}
   38 | char  *strcpy (char *__restrict, const char *__restrict);
      |        ^~~~~~
../Core/Src/main.c:159:16: warning: pointer targets in passing argument 1 of 'strcpy' differ in signedness [-Wpointer-sign]
  159 |  strcpy(display.linea2, linea2);
      |         ~~~~~~~^~~~~~~
      |                |
      |                uint8_t * {aka unsigned char *}
In file included from ../Core/Src/main.c:19:
c:\program files\st\stm32cubeide_1.6.1\stm32cubeide\plugins\com.st.stm32cube.ide.mcu.externaltools.gnu-tools-for-stm32.9-2020-q2-update.win32_1.5.0.202011040924\tools\arm-none-eabi\include\string.h:38:8: note: expected 'char * restrict' but argument is of type 'uint8_t *' {aka 'unsigned char *'}
   38 | char  *strcpy (char *__restrict, const char *__restrict);
      |        ^~~~~~
../Core/Src/main.c: In function 't_Menu':
../Core/Src/main.c:366:35: warning: format '%u' expects argument of type 'unsigned int', but argument 3 has type 'uint32_t' {aka 'long unsigned int'} [-Wformat=]
  366 |         sprintf(lcdStr, "Usuario %u libre", i);
      |                                  ~^         ~
      |                                   |         |
      |                                   |         uint32_t {aka long unsigned int}
      |                                   unsigned int
      |                                  %lu
../Core/Src/main.c:377:34: warning: format '%u' expects argument of type 'unsigned int', but argument 3 has type 'uint32_t' {aka 'long unsigned int'} [-Wformat=]
  377 |        sprintf(lcdStr, "Usuario %u", i);
      |                                 ~^   ~
      |                                  |   |
      |                                  |   uint32_t {aka long unsigned int}
      |                                  unsigned int
      |                                 %lu
../Core/Src/main.c:410:34: warning: format '%u' expects argument of type 'unsigned int', but argument 3 has type 'uint32_t' {aka 'long unsigned int'} [-Wformat=]
  410 |        sprintf(lcdStr, "Usuario %u", currentM->userNo);
      |                                 ~^   ~~~~~~~~~~~~~~~~
      |                                  |           |
      |                                  |           uint32_t {aka long unsigned int}
      |                                  unsigned int
      |                                 %lu
../Core/Src/main.c:171:14: warning: variable 'uxHighWaterMark' set but not used [-Wunused-but-set-variable]
  171 |  UBaseType_t uxHighWaterMark;
      |              ^~~~~~~~~~~~~~~
../Core/Src/main.c: In function 't_Display':
../Core/Src/main.c:458:20: warning: pointer targets in passing argument 1 of 'strcmp' differ in signedness [-Wpointer-sign]
  458 |   if(strcmp(display.linea1,"\0") != 0) strcpy(lastRow1, display.linea1);
      |             ~~~~~~~^~~~~~~
      |                    |
      |                    uint8_t * {aka unsigned char *}
In file included from ../Core/Src/main.c:19:
c:\program files\st\stm32cubeide_1.6.1\stm32cubeide\plugins\com.st.stm32cube.ide.mcu.externaltools.gnu-tools-for-stm32.9-2020-q2-update.win32_1.5.0.202011040924\tools\arm-none-eabi\include\string.h:36:14: note: expected 'const char *' but argument is of type 'uint8_t *' {aka 'unsigned char *'}
   36 | int  strcmp (const char *, const char *);
      |              ^~~~~~~~~~~~
../Core/Src/main.c:458:47: warning: pointer targets in passing argument 1 of 'strcpy' differ in signedness [-Wpointer-sign]
  458 |   if(strcmp(display.linea1,"\0") != 0) strcpy(lastRow1, display.linea1);
      |                                               ^~~~~~~~
      |                                               |
      |                                               uint8_t * {aka unsigned char *}
In file included from ../Core/Src/main.c:19:
c:\program files\st\stm32cubeide_1.6.1\stm32cubeide\plugins\com.st.stm32cube.ide.mcu.externaltools.gnu-tools-for-stm32.9-2020-q2-update.win32_1.5.0.202011040924\tools\arm-none-eabi\include\string.h:38:8: note: expected 'char * restrict' but argument is of type 'uint8_t *' {aka 'unsigned char *'}
   38 | char  *strcpy (char *__restrict, const char *__restrict);
      |        ^~~~~~
../Core/Src/main.c:458:64: warning: pointer targets in passing argument 2 of 'strcpy' differ in signedness [-Wpointer-sign]
  458 |   if(strcmp(display.linea1,"\0") != 0) strcpy(lastRow1, display.linea1);
      |                                                         ~~~~~~~^~~~~~~
      |                                                                |
      |                                                                uint8_t * {aka unsigned char *}
In file included from ../Core/Src/main.c:19:
c:\program files\st\stm32cubeide_1.6.1\stm32cubeide\plugins\com.st.stm32cube.ide.mcu.externaltools.gnu-tools-for-stm32.9-2020-q2-update.win32_1.5.0.202011040924\tools\arm-none-eabi\include\string.h:38:8: note: expected 'const char * restrict' but argument is of type 'uint8_t *' {aka 'unsigned char *'}
   38 | char  *strcpy (char *__restrict, const char *__restrict);
      |        ^~~~~~
../Core/Src/main.c:459:20: warning: pointer targets in passing argument 1 of 'strcmp' differ in signedness [-Wpointer-sign]
  459 |   if(strcmp(display.linea2,"\0") != 0) strcpy(lastRow2, display.linea2);
      |             ~~~~~~~^~~~~~~
      |                    |
      |                    uint8_t * {aka unsigned char *}
In file included from ../Core/Src/main.c:19:
c:\program files\st\stm32cubeide_1.6.1\stm32cubeide\plugins\com.st.stm32cube.ide.mcu.externaltools.gnu-tools-for-stm32.9-2020-q2-update.win32_1.5.0.202011040924\tools\arm-none-eabi\include\string.h:36:14: note: expected 'const char *' but argument is of type 'uint8_t *' {aka 'unsigned char *'}
   36 | int  strcmp (const char *, const char *);
      |              ^~~~~~~~~~~~
../Core/Src/main.c:459:47: warning: pointer targets in passing argument 1 of 'strcpy' differ in signedness [-Wpointer-sign]
  459 |   if(strcmp(display.linea2,"\0") != 0) strcpy(lastRow2, display.linea2);
      |                                               ^~~~~~~~
      |                                               |
      |                                               uint8_t * {aka unsigned char *}
In file included from ../Core/Src/main.c:19:
c:\program files\st\stm32cubeide_1.6.1\stm32cubeide\plugins\com.st.stm32cube.ide.mcu.externaltools.gnu-tools-for-stm32.9-2020-q2-update.win32_1.5.0.202011040924\tools\arm-none-eabi\include\string.h:38:8: note: expected 'char * restrict' but argument is of type 'uint8_t *' {aka 'unsigned char *'}
   38 | char  *strcpy (char *__restrict, const char *__restrict);
      |        ^~~~~~
../Core/Src/main.c:459:64: warning: pointer targets in passing argument 2 of 'strcpy' differ in signedness [-Wpointer-sign]
  459 |   if(strcmp(display.linea2,"\0") != 0) strcpy(lastRow2, display.linea2);
      |                                                         ~~~~~~~^~~~~~~
      |                                                                |
      |                                                                uint8_t * {aka unsigned char *}
In file included from ../Core/Src/main.c:19:
c:\program files\st\stm32cubeide_1.6.1\stm32cubeide\plugins\com.st.stm32cube.ide.mcu.externaltools.gnu-tools-for-stm32.9-2020-q2-update.win32_1.5.0.202011040924\tools\arm-none-eabi\include\string.h:38:8: note: expected 'const char * restrict' but argument is of type 'uint8_t *' {aka 'unsigned char *'}
   38 | char  *strcpy (char *__restrict, const char *__restrict);
      |        ^~~~~~
In file included from ../Core/Src/main.c:20:
../Core/Src/main.c:465:32: warning: pointer targets in passing argument 1 of 'HD44780_PrintStr' differ in signedness [-Wpointer-sign]
  465 |      lcd_msgPrint(0, 0, display.linea1);
      |                         ~~~~~~~^~~~~~~
      |                                |
      |                                uint8_t * {aka unsigned char *}
../Core/Inc/common.h:32:28: note: in definition of macro 'lcd_msgPrint'
   32 |           HD44780_PrintStr(lcdStr)
      |                            ^~~~~~
In file included from ../Core/Src/main.c:14:
../Core/Inc/liquidcrystal_i2c.h:86:23: note: expected 'const char *' but argument is of type 'uint8_t *' {aka 'unsigned char *'}
   86 | void HD44780_PrintStr(const char[]);
      |                       ^~~~~~~~~~~~
In file included from ../Core/Src/main.c:20:
../Core/Src/main.c:468:32: warning: pointer targets in passing argument 1 of 'HD44780_PrintStr' differ in signedness [-Wpointer-sign]
  468 |      lcd_msgPrint(0, 1, display.linea2);
      |                         ~~~~~~~^~~~~~~
      |                                |
      |                                uint8_t * {aka unsigned char *}
../Core/Inc/common.h:32:28: note: in definition of macro 'lcd_msgPrint'
   32 |           HD44780_PrintStr(lcdStr)
      |                            ^~~~~~
In file included from ../Core/Src/main.c:14:
../Core/Inc/liquidcrystal_i2c.h:86:23: note: expected 'const char *' but argument is of type 'uint8_t *' {aka 'unsigned char *'}
   86 | void HD44780_PrintStr(const char[]);
      |                       ^~~~~~~~~~~~
In file included from ../Core/Src/main.c:20:
../Core/Src/main.c:474:32: warning: pointer targets in passing argument 1 of 'HD44780_PrintStr' differ in signedness [-Wpointer-sign]
  474 |      lcd_msgPrint(0, 0, display.linea1);
      |                         ~~~~~~~^~~~~~~
      |                                |
      |                                uint8_t * {aka unsigned char *}
../Core/Inc/common.h:32:28: note: in definition of macro 'lcd_msgPrint'
   32 |           HD44780_PrintStr(lcdStr)
      |                            ^~~~~~
In file included from ../Core/Src/main.c:14:
../Core/Inc/liquidcrystal_i2c.h:86:23: note: expected 'const char *' but argument is of type 'uint8_t *' {aka 'unsigned char *'}
   86 | void HD44780_PrintStr(const char[]);
      |                       ^~~~~~~~~~~~
In file included from ../Core/Src/main.c:20:
../Core/Src/main.c:477:32: warning: pointer targets in passing argument 1 of 'HD44780_PrintStr' differ in signedness [-Wpointer-sign]
  477 |      lcd_msgPrint(0, 1, display.linea2);
      |                         ~~~~~~~^~~~~~~
      |                                |
      |                                uint8_t * {aka unsigned char *}
../Core/Inc/common.h:32:28: note: in definition of macro 'lcd_msgPrint'
   32 |           HD44780_PrintStr(lcdStr)
      |                            ^~~~~~
In file included from ../Core/Src/main.c:14:
../Core/Inc/liquidcrystal_i2c.h:86:23: note: expected 'const char *' but argument is of type 'uint8_t *' {aka 'unsigned char *'}
   86 | void HD44780_PrintStr(const char[]);
      |                       ^~~~~~~~~~~~
In file included from ../Core/Src/main.c:20:
../Core/Src/main.c:481:24: warning: pointer targets in passing argument 1 of 'HD44780_PrintStr' differ in signedness [-Wpointer-sign]
  481 |     lcd_msgPrint(0, 0, lastRow1);
      |                        ^~~~~~~~
      |                        |
      |                        uint8_t * {aka unsigned char *}
../Core/Inc/common.h:32:28: note: in definition of macro 'lcd_msgPrint'
   32 |           HD44780_PrintStr(lcdStr)
      |                            ^~~~~~
In file included from ../Core/Src/main.c:14:
../Core/Inc/liquidcrystal_i2c.h:86:23: note: expected 'const char *' but argument is of type 'uint8_t *' {aka 'unsigned char *'}
   86 | void HD44780_PrintStr(const char[]);
      |                       ^~~~~~~~~~~~
In file included from ../Core/Src/main.c:20:
../Core/Src/main.c:482:24: warning: pointer targets in passing argument 1 of 'HD44780_PrintStr' differ in signedness [-Wpointer-sign]
  482 |     lcd_msgPrint(0, 1, lastRow2);
      |                        ^~~~~~~~
      |                        |
      |                        uint8_t * {aka unsigned char *}
../Core/Inc/common.h:32:28: note: in definition of macro 'lcd_msgPrint'
   32 |           HD44780_PrintStr(lcdStr)
      |                            ^~~~~~
In file included from ../Core/Src/main.c:14:
../Core/Inc/liquidcrystal_i2c.h:86:23: note: expected 'const char *' but argument is of type 'uint8_t *' {aka 'unsigned char *'}
   86 | void HD44780_PrintStr(const char[]);
      |                       ^~~~~~~~~~~~
In file included from ../Core/Src/main.c:20:
../Core/Src/main.c:487:32: warning: pointer targets in passing argument 1 of 'HD44780_PrintStr' differ in signedness [-Wpointer-sign]
  487 |      lcd_msgPrint(0, 0, display.linea1);
      |                         ~~~~~~~^~~~~~~
      |                                |
      |                                uint8_t * {aka unsigned char *}
../Core/Inc/common.h:32:28: note: in definition of macro 'lcd_msgPrint'
   32 |           HD44780_PrintStr(lcdStr)
      |                            ^~~~~~
In file included from ../Core/Src/main.c:14:
../Core/Inc/liquidcrystal_i2c.h:86:23: note: expected 'const char *' but argument is of type 'uint8_t *' {aka 'unsigned char *'}
   86 | void HD44780_PrintStr(const char[]);
      |                       ^~~~~~~~~~~~
In file included from ../Core/Src/main.c:20:
../Core/Src/main.c:490:32: warning: pointer targets in passing argument 1 of 'HD44780_PrintStr' differ in signedness [-Wpointer-sign]
  490 |      lcd_msgPrint(0, 1, display.linea2);
      |                         ~~~~~~~^~~~~~~
      |                                |
      |                                uint8_t * {aka unsigned char *}
../Core/Inc/common.h:32:28: note: in definition of macro 'lcd_msgPrint'
   32 |           HD44780_PrintStr(lcdStr)
      |                            ^~~~~~
In file included from ../Core/Src/main.c:14:
../Core/Inc/liquidcrystal_i2c.h:86:23: note: expected 'const char *' but argument is of type 'uint8_t *' {aka 'unsigned char *'}
   86 | void HD44780_PrintStr(const char[]);
      |                       ^~~~~~~~~~~~
In file included from ../Core/Src/main.c:20:
../Core/Src/main.c:494:24: warning: pointer targets in passing argument 1 of 'HD44780_PrintStr' differ in signedness [-Wpointer-sign]
  494 |     lcd_msgPrint(0, 0, lastRow1);
      |                        ^~~~~~~~
      |                        |
      |                        uint8_t * {aka unsigned char *}
../Core/Inc/common.h:32:28: note: in definition of macro 'lcd_msgPrint'
   32 |           HD44780_PrintStr(lcdStr)
      |                            ^~~~~~
In file included from ../Core/Src/main.c:14:
../Core/Inc/liquidcrystal_i2c.h:86:23: note: expected 'const char *' but argument is of type 'uint8_t *' {aka 'unsigned char *'}
   86 | void HD44780_PrintStr(const char[]);
      |                       ^~~~~~~~~~~~
In file included from ../Core/Src/main.c:20:
../Core/Src/main.c:495:24: warning: pointer targets in passing argument 1 of 'HD44780_PrintStr' differ in signedness [-Wpointer-sign]
  495 |     lcd_msgPrint(0, 1, lastRow2);
      |                        ^~~~~~~~
      |                        |
      |                        uint8_t * {aka unsigned char *}
../Core/Inc/common.h:32:28: note: in definition of macro 'lcd_msgPrint'
   32 |           HD44780_PrintStr(lcdStr)
      |                            ^~~~~~
In file included from ../Core/Src/main.c:14:
../Core/Inc/liquidcrystal_i2c.h:86:23: note: expected 'const char *' but argument is of type 'uint8_t *' {aka 'unsigned char *'}
   86 | void HD44780_PrintStr(const char[]);
      |                       ^~~~~~~~~~~~
In file included from ../Core/Src/main.c:20:
../Core/Src/main.c:509:32: warning: pointer targets in passing argument 1 of 'HD44780_PrintStr' differ in signedness [-Wpointer-sign]
  509 |      lcd_msgPrint(0, 0, display.linea1);
      |                         ~~~~~~~^~~~~~~
      |                                |
      |                                uint8_t * {aka unsigned char *}
../Core/Inc/common.h:32:28: note: in definition of macro 'lcd_msgPrint'
   32 |           HD44780_PrintStr(lcdStr)
      |                            ^~~~~~
In file included from ../Core/Src/main.c:14:
../Core/Inc/liquidcrystal_i2c.h:86:23: note: expected 'const char *' but argument is of type 'uint8_t *' {aka 'unsigned char *'}
   86 | void HD44780_PrintStr(const char[]);
      |                       ^~~~~~~~~~~~
In file included from ../Core/Src/main.c:20:
../Core/Src/main.c:512:32: warning: pointer targets in passing argument 1 of 'HD44780_PrintStr' differ in signedness [-Wpointer-sign]
  512 |      lcd_msgPrint(0, 1, display.linea2);
      |                         ~~~~~~~^~~~~~~
      |                                |
      |                                uint8_t * {aka unsigned char *}
../Core/Inc/common.h:32:28: note: in definition of macro 'lcd_msgPrint'
   32 |           HD44780_PrintStr(lcdStr)
      |                            ^~~~~~
In file included from ../Core/Src/main.c:14:
../Core/Inc/liquidcrystal_i2c.h:86:23: note: expected 'const char *' but argument is of type 'uint8_t *' {aka 'unsigned char *'}
   86 | void HD44780_PrintStr(const char[]);
      |                       ^~~~~~~~~~~~
../Core/Src/main.c:454:14: warning: variable 'uxHighWaterMark' set but not used [-Wunused-but-set-variable]
  454 |  UBaseType_t uxHighWaterMark;
      |              ^~~~~~~~~~~~~~~
../Core/Src/main.c: In function 't_Flash':
../Core/Src/main.c:555:14: warning: variable 'uxHighWaterMark' set but not used [-Wunused-but-set-variable]
  555 |  UBaseType_t uxHighWaterMark;
      |              ^~~~~~~~~~~~~~~
../Core/Src/main.c: In function 't_ControlAcceso':
../Core/Src/main.c:595:14: warning: variable 'uxHighWaterMark' set but not used [-Wunused-but-set-variable]
  595 |  UBaseType_t uxHighWaterMark;
      |              ^~~~~~~~~~~~~~~
../Core/Src/main.c: In function 't_Actuadores':
../Core/Src/main.c:728:14: warning: variable 'uxHighWaterMark' set but not used [-Wunused-but-set-variable]
  728 |  UBaseType_t uxHighWaterMark;
      |              ^~~~~~~~~~~~~~~
../Core/Src/main.c: In function 't_Teclado':
../Core/Src/main.c:826:14: warning: variable 'uxHighWaterMark' set but not used [-Wunused-but-set-variable]
  826 |  UBaseType_t uxHighWaterMark;
      |              ^~~~~~~~~~~~~~~
../Core/Src/main.c: In function 'parse_csv_to_struct':
../Core/Src/main.c:894:17: warning: unused variable 'invertido' [-Wunused-variable]
  894 |     uint32_t n, invertido = 0;
      |                 ^~~~~~~~~
../Core/Src/main.c:894:14: warning: unused variable 'n' [-Wunused-variable]
  894 |     uint32_t n, invertido = 0;
      |              ^
../Core/Src/main.c:893:12: warning: unused variable 'index' [-Wunused-variable]
  893 |     size_t index = 0;
      |            ^~~~~
../Core/Src/main.c: In function 'i2c_slave_rx_process':
../Core/Src/main.c:947:9: warning: pointer targets in passing argument 1 of 'strcpy' differ in signedness [-Wpointer-sign]
  947 |  strcpy(dataBuf, data);
      |         ^~~~~~~
      |         |
      |         uint8_t * {aka unsigned char *}
In file included from ../Core/Src/main.c:19:
c:\program files\st\stm32cubeide_1.6.1\stm32cubeide\plugins\com.st.stm32cube.ide.mcu.externaltools.gnu-tools-for-stm32.9-2020-q2-update.win32_1.5.0.202011040924\tools\arm-none-eabi\include\string.h:38:8: note: expected 'char * restrict' but argument is of type 'uint8_t *' {aka 'unsigned char *'}
   38 | char  *strcpy (char *__restrict, const char *__restrict);
      |        ^~~~~~
../Core/Src/main.c:947:18: warning: pointer targets in passing argument 2 of 'strcpy' differ in signedness [-Wpointer-sign]
  947 |  strcpy(dataBuf, data);
      |                  ^~~~
      |                  |
      |                  uint8_t * {aka unsigned char *}
In file included from ../Core/Src/main.c:19:
c:\program files\st\stm32cubeide_1.6.1\stm32cubeide\plugins\com.st.stm32cube.ide.mcu.externaltools.gnu-tools-for-stm32.9-2020-q2-update.win32_1.5.0.202011040924\tools\arm-none-eabi\include\string.h:38:8: note: expected 'const char * restrict' but argument is of type 'uint8_t *' {aka 'unsigned char *'}
   38 | char  *strcpy (char *__restrict, const char *__restrict);
      |        ^~~~~~
../Core/Src/main.c: In function 't_Comextern':
../Core/Src/main.c:1010:40: warning: pointer targets in passing argument 1 of 'parse_csv_to_struct' differ in signedness [-Wpointer-sign]
 1010 |    identificator = parse_csv_to_struct(i2c_rx_buf, &i2c_rx_usuario, &i2c_rx_actuador, &log);
      |                                        ^~~~~~~~~~
      |                                        |
      |                                        uint8_t * {aka unsigned char *}
../Core/Src/main.c:886:48: note: expected 'const char *' but argument is of type 'uint8_t *' {aka 'unsigned char *'}
  886 | static uint8_t parse_csv_to_struct(const char *input, usuario_t *usuario, actuador_t *actuador, log_t *log){
      |                                    ~~~~~~~~~~~~^~~~~
../Core/Src/main.c:1019:15: warning: pointer targets in passing argument 1 of 'snprintf' differ in signedness [-Wpointer-sign]
 1019 |      snprintf(i2c_tx_buf, txBUFFER_SIZE, "00,l,x,xxxxxxxx,%01d,%02d,$", log.accion, log.status);
      |               ^~~~~~~~~~
      |               |
      |               uint8_t * {aka unsigned char *}
In file included from ../Core/Src/main.c:17:
c:\program files\st\stm32cubeide_1.6.1\stm32cubeide\plugins\com.st.stm32cube.ide.mcu.externaltools.gnu-tools-for-stm32.9-2020-q2-update.win32_1.5.0.202011040924\tools\arm-none-eabi\include\stdio.h:266:15: note: expected 'char * restrict' but argument is of type 'uint8_t *' {aka 'unsigned char *'}
  266 | int snprintf (char *__restrict, size_t, const char *__restrict, ...)
      |               ^
../Core/Src/main.c:1021:42: warning: pointer targets in passing argument 1 of 'strlen' differ in signedness [-Wpointer-sign]
 1021 |      i2c_set_txBuffer(i2c_tx_buf, strlen(i2c_tx_buf));
      |                                          ^~~~~~~~~~
      |                                          |
      |                                          uint8_t * {aka unsigned char *}
In file included from ../Core/Src/main.c:19:
c:\program files\st\stm32cubeide_1.6.1\stm32cubeide\plugins\com.st.stm32cube.ide.mcu.externaltools.gnu-tools-for-stm32.9-2020-q2-update.win32_1.5.0.202011040924\tools\arm-none-eabi\include\string.h:41:17: note: expected 'const char *' but argument is of type 'uint8_t *' {aka 'unsigned char *'}
   41 | size_t  strlen (const char *);
      |                 ^~~~~~~~~~~~
../Core/Src/main.c:1028:45: warning: pointer targets in passing argument 1 of 'strlen' differ in signedness [-Wpointer-sign]
 1028 |         i2c_set_txBuffer(i2c_tx_buf, strlen(i2c_tx_buf));
      |                                             ^~~~~~~~~~
      |                                             |
      |                                             uint8_t * {aka unsigned char *}
In file included from ../Core/Src/main.c:19:
c:\program files\st\stm32cubeide_1.6.1\stm32cubeide\plugins\com.st.stm32cube.ide.mcu.externaltools.gnu-tools-for-stm32.9-2020-q2-update.win32_1.5.0.202011040924\tools\arm-none-eabi\include\string.h:41:17: note: expected 'const char *' but argument is of type 'uint8_t *' {aka 'unsigned char *'}
   41 | size_t  strlen (const char *);
      |                 ^~~~~~~~~~~~
../Core/Src/main.c:1051:13: warning: pointer targets in passing argument 1 of 'snprintf' differ in signedness [-Wpointer-sign]
 1051 |    snprintf(i2c_tx_buf, txBUFFER_SIZE, "%02d,r,%01d,%08d,%01d,%02d,$", aux_usuario.id, aux_usuario.nroUsuario, aux_usuario.clave, aux_usuario.intentosDisp, aux_usuario.accion);
      |             ^~~~~~~~~~
      |             |
      |             uint8_t * {aka unsigned char *}
In file included from ../Core/Src/main.c:17:
c:\program files\st\stm32cubeide_1.6.1\stm32cubeide\plugins\com.st.stm32cube.ide.mcu.externaltools.gnu-tools-for-stm32.9-2020-q2-update.win32_1.5.0.202011040924\tools\arm-none-eabi\include\stdio.h:266:15: note: expected 'char * restrict' but argument is of type 'uint8_t *' {aka 'unsigned char *'}
  266 | int snprintf (char *__restrict, size_t, const char *__restrict, ...)
      |               ^
../Core/Src/main.c:1051:44: warning: format '%d' expects argument of type 'int', but argument 4 has type 'uint32_t' {aka 'long unsigned int'} [-Wformat=]
 1051 |    snprintf(i2c_tx_buf, txBUFFER_SIZE, "%02d,r,%01d,%08d,%01d,%02d,$", aux_usuario.id, aux_usuario.nroUsuario, aux_usuario.clave, aux_usuario.intentosDisp, aux_usuario.accion);
      |                                         ~~~^                           ~~~~~~~~~~~~~~
      |                                            |                                      |
      |                                            int                                    uint32_t {aka long unsigned int}
      |                                         %02ld
../Core/Src/main.c:1051:56: warning: format '%d' expects argument of type 'int', but argument 6 has type 'uint32_t' {aka 'long unsigned int'} [-Wformat=]
 1051 |    snprintf(i2c_tx_buf, txBUFFER_SIZE, "%02d,r,%01d,%08d,%01d,%02d,$", aux_usuario.id, aux_usuario.nroUsuario, aux_usuario.clave, aux_usuario.intentosDisp, aux_usuario.accion);
      |                                                     ~~~^                                                       ~~~~~~~~~~~~~~~~~
      |                                                        |                                                                  |
      |                                                        int                                                                uint32_t {aka long unsigned int}
      |                                                     %08ld
../Core/Src/main.c:1051:61: warning: format '%d' expects argument of type 'int', but argument 7 has type 'uint32_t' {aka 'long unsigned int'} [-Wformat=]
 1051 |    snprintf(i2c_tx_buf, txBUFFER_SIZE, "%02d,r,%01d,%08d,%01d,%02d,$", aux_usuario.id, aux_usuario.nroUsuario, aux_usuario.clave, aux_usuario.intentosDisp, aux_usuario.accion);
      |                                                          ~~~^                                                                     ~~~~~~~~~~~~~~~~~~~~~~~~
      |                                                             |                                                                                |
      |                                                             int                                                                              uint32_t {aka long unsigned int}
      |                                                          %01ld
../Core/Src/main.c:1053:41: warning: pointer targets in passing argument 1 of 'strlen' differ in signedness [-Wpointer-sign]
 1053 |     i2c_set_txBuffer(i2c_tx_buf, strlen(i2c_tx_buf));
      |                                         ^~~~~~~~~~
      |                                         |
      |                                         uint8_t * {aka unsigned char *}
In file included from ../Core/Src/main.c:19:
c:\program files\st\stm32cubeide_1.6.1\stm32cubeide\plugins\com.st.stm32cube.ide.mcu.externaltools.gnu-tools-for-stm32.9-2020-q2-update.win32_1.5.0.202011040924\tools\arm-none-eabi\include\string.h:41:17: note: expected 'const char *' but argument is of type 'uint8_t *' {aka 'unsigned char *'}
   41 | size_t  strlen (const char *);
      |                 ^~~~~~~~~~~~
../Core/Src/main.c:1065:13: warning: pointer targets in passing argument 1 of 'snprintf' differ in signedness [-Wpointer-sign]
 1065 |    snprintf(i2c_tx_buf, txBUFFER_SIZE, "%02d,p,%01d,%08d,%01d,%02d,$", aux_usuario.id, aux_usuario.nroUsuario, aux_usuario.clave, aux_usuario.intentosDisp, aux_usuario.accion);
      |             ^~~~~~~~~~
      |             |
      |             uint8_t * {aka unsigned char *}
In file included from ../Core/Src/main.c:17:
c:\program files\st\stm32cubeide_1.6.1\stm32cubeide\plugins\com.st.stm32cube.ide.mcu.externaltools.gnu-tools-for-stm32.9-2020-q2-update.win32_1.5.0.202011040924\tools\arm-none-eabi\include\stdio.h:266:15: note: expected 'char * restrict' but argument is of type 'uint8_t *' {aka 'unsigned char *'}
  266 | int snprintf (char *__restrict, size_t, const char *__restrict, ...)
      |               ^
../Core/Src/main.c:1065:44: warning: format '%d' expects argument of type 'int', but argument 4 has type 'uint32_t' {aka 'long unsigned int'} [-Wformat=]
 1065 |    snprintf(i2c_tx_buf, txBUFFER_SIZE, "%02d,p,%01d,%08d,%01d,%02d,$", aux_usuario.id, aux_usuario.nroUsuario, aux_usuario.clave, aux_usuario.intentosDisp, aux_usuario.accion);
      |                                         ~~~^                           ~~~~~~~~~~~~~~
      |                                            |                                      |
      |                                            int                                    uint32_t {aka long unsigned int}
      |                                         %02ld
../Core/Src/main.c:1065:56: warning: format '%d' expects argument of type 'int', but argument 6 has type 'uint32_t' {aka 'long unsigned int'} [-Wformat=]
 1065 |    snprintf(i2c_tx_buf, txBUFFER_SIZE, "%02d,p,%01d,%08d,%01d,%02d,$", aux_usuario.id, aux_usuario.nroUsuario, aux_usuario.clave, aux_usuario.intentosDisp, aux_usuario.accion);
      |                                                     ~~~^                                                       ~~~~~~~~~~~~~~~~~
      |                                                        |                                                                  |
      |                                                        int                                                                uint32_t {aka long unsigned int}
      |                                                     %08ld
../Core/Src/main.c:1065:61: warning: format '%d' expects argument of type 'int', but argument 7 has type 'uint32_t' {aka 'long unsigned int'} [-Wformat=]
 1065 |    snprintf(i2c_tx_buf, txBUFFER_SIZE, "%02d,p,%01d,%08d,%01d,%02d,$", aux_usuario.id, aux_usuario.nroUsuario, aux_usuario.clave, aux_usuario.intentosDisp, aux_usuario.accion);
      |                                                          ~~~^                                                                     ~~~~~~~~~~~~~~~~~~~~~~~~
      |                                                             |                                                                                |
      |                                                             int                                                                              uint32_t {aka long unsigned int}
      |                                                          %01ld
../Core/Src/main.c:1073:13: warning: pointer targets in passing argument 1 of 'snprintf' differ in signedness [-Wpointer-sign]
 1073 |    snprintf(i2c_tx_buf, txBUFFER_SIZE, "%02d,a,%01d,xxxxxxxx,0,%02d,$", aux_actuador.id, aux_actuador.tipo, aux_actuador.accion);
      |             ^~~~~~~~~~
      |             |
      |             uint8_t * {aka unsigned char *}
In file included from ../Core/Src/main.c:17:
c:\program files\st\stm32cubeide_1.6.1\stm32cubeide\plugins\com.st.stm32cube.ide.mcu.externaltools.gnu-tools-for-stm32.9-2020-q2-update.win32_1.5.0.202011040924\tools\arm-none-eabi\include\stdio.h:266:15: note: expected 'char * restrict' but argument is of type 'uint8_t *' {aka 'unsigned char *'}
  266 | int snprintf (char *__restrict, size_t, const char *__restrict, ...)
      |               ^
../Core/Src/main.c:1073:44: warning: format '%d' expects argument of type 'int', but argument 4 has type 'uint32_t' {aka 'long unsigned int'} [-Wformat=]
 1073 |    snprintf(i2c_tx_buf, txBUFFER_SIZE, "%02d,a,%01d,xxxxxxxx,0,%02d,$", aux_actuador.id, aux_actuador.tipo, aux_actuador.accion);
      |                                         ~~~^                            ~~~~~~~~~~~~~~~
      |                                            |                                        |
      |                                            int                                      uint32_t {aka long unsigned int}
      |                                         %02ld
../Core/Src/main.c:1082:13: warning: pointer targets in passing argument 1 of 'snprintf' differ in signedness [-Wpointer-sign]
 1082 |    snprintf(i2c_tx_buf, txBUFFER_SIZE, "%02d,d,0,xxxxxxxx,%01d,%02d,$", apertura.id, apertura.estado, apertura.accion);
      |             ^~~~~~~~~~
      |             |
      |             uint8_t * {aka unsigned char *}
In file included from ../Core/Src/main.c:17:
c:\program files\st\stm32cubeide_1.6.1\stm32cubeide\plugins\com.st.stm32cube.ide.mcu.externaltools.gnu-tools-for-stm32.9-2020-q2-update.win32_1.5.0.202011040924\tools\arm-none-eabi\include\stdio.h:266:15: note: expected 'char * restrict' but argument is of type 'uint8_t *' {aka 'unsigned char *'}
  266 | int snprintf (char *__restrict, size_t, const char *__restrict, ...)
      |               ^
../Core/Src/main.c:1082:44: warning: format '%d' expects argument of type 'int', but argument 4 has type 'uint32_t' {aka 'long unsigned int'} [-Wformat=]
 1082 |    snprintf(i2c_tx_buf, txBUFFER_SIZE, "%02d,d,0,xxxxxxxx,%01d,%02d,$", apertura.id, apertura.estado, apertura.accion);
      |                                         ~~~^                            ~~~~~~~~~~~
      |                                            |                                    |
      |                                            int                                  uint32_t {aka long unsigned int}
      |                                         %02ld
../Core/Src/main.c:988:7: warning: unused variable 'aux_str' [-Wunused-variable]
  988 |  char aux_str[16];
      |       ^~~~~~~
../Core/Src/main.c:986:8: warning: unused variable 'log_token' [-Wunused-variable]
  986 |  char *log_token;
      |        ^~~~~~~~~
../Core/Src/main.c:985:10: warning: unused variable 'log_flag' [-Wunused-variable]
  985 |  uint8_t log_flag = 0, count = 0;
      |          ^~~~~~~~
../Core/Src/main.c:978:14: warning: variable 'uxHighWaterMark' set but not used [-Wunused-but-set-variable]
  978 |  UBaseType_t uxHighWaterMark;
      |              ^~~~~~~~~~~~~~~
../Core/Src/main.c: In function 't_LedBlink':
../Core/Src/main.c:1097:8: warning: unused variable 'rx_log' [-Wunused-variable]
 1097 |  log_t rx_log;
      |        ^~~~~~
../Core/Src/main.c:1096:12: warning: unused variable 'i2c_tx_usuario' [-Wunused-variable]
 1096 |  usuario_t i2c_tx_usuario;
      |            ^~~~~~~~~~~~~~
../Core/Src/main.c: In function 'main':
../Core/Src/main.c:1213:8: warning: unused variable 'log' [-Wunused-variable]
 1213 |  log_t log;
      |        ^~~
At top level:
../Core/Src/main.c:1091:13: warning: 't_LedBlink' defined but not used [-Wunused-function]
 1091 | static void t_LedBlink (void *pvParameters){
      |             ^~~~~~~~~~
../Core/Src/main.c:139:13: warning: 'dummyDataMemoryRecording' defined but not used [-Wunused-function]
  139 | static void dummyDataMemoryRecording (void){
      |             ^~~~~~~~~~~~~~~~~~~~~~~~
arm-none-eabi-gcc -o "td3_ega_2024_mod.elf" @"objects.list"  -lFreeRTOS -mcpu=cortex-m3 -T"C:\Users\Alan\Documents\GIT_propios\td3_egb_2024\WorkspacePruebas\td3_ega_2024_mod\STM32F103C8TX_FLASH.ld" --specs=nosys.specs -Wl,-Map="td3_ega_2024_mod.map" -Wl,--gc-sections -static -Wl,--start-group -lFreeRTOS -Wl,--end-group -L"C:\Users\Alan\Documents\GIT_propios\td3_egb_2024\WorkspacePruebas\FreeRTOS\Debug" --specs=nano.specs -mfloat-abi=soft -mthumb -Wl,--start-group -lc -lm -Wl,--end-group
Finished building target: td3_ega_2024_mod.elf
 
arm-none-eabi-objdump -h -S  td3_ega_2024_mod.elf  > "td3_ega_2024_mod.list"
arm-none-eabi-objcopy  -O binary  td3_ega_2024_mod.elf  "td3_ega_2024_mod.bin"
arm-none-eabi-size   td3_ega_2024_mod.elf 
   text	   data	    bss	    dec	    hex	filename
  54720	    148	   2712	  57580	   e0ec	td3_ega_2024_mod.elf
Finished building: default.size.stdout
 
Finished building: td3_ega_2024_mod.bin
 
Finished building: td3_ega_2024_mod.list
 

06:12:22 Build Finished. 0 errors, 61 warnings. (took 1s.79ms)

